<?xml version="1.0" encoding="UTF-8"?>
<!-- Generated by org.testng.reporters.JUnitReportReporter -->
<testsuite hostname="CHE1-CND209140B" failures="0" tests="1" name="com.testcases.tc004_CreateContact" time="8.127" errors="0" timestamp="2022-07-05T22:38:46 IST" skipped="0">
  <testcase classname="com.testcases.tc004_CreateContact" name="createContactVerification" time="8.127"/>
  <system-out/>
</testsuite> <!-- com.testcases.tc004_CreateContact -->
