<?xml version="1.0" encoding="UTF-8"?>
<!-- Generated by org.testng.reporters.JUnitReportReporter -->
<testsuite hostname="CHE1-CND209140B" failures="0" tests="1" name="com.testcases.tc002_PageLoginTextBox" time="3.190" errors="0" timestamp="2022-07-05T19:38:58 IST" skipped="0">
  <testcase classname="com.testcases.tc002_PageLoginTextBox" name="fieldCheck" time="3.190"/>
  <system-out/>
</testsuite> <!-- com.testcases.tc002_PageLoginTextBox -->
