<?xml version="1.0" encoding="UTF-8"?>
<!-- Generated by org.testng.reporters.JUnitReportReporter -->
<testsuite hostname="CHE1-CND209140B" failures="0" tests="1" name="com.testcases.tc001_PageLoginTC" time="3.353" errors="0" timestamp="2022-07-05T19:58:36 IST" skipped="0">
  <testcase classname="com.testcases.tc001_PageLoginTC" name="pageLoginScenaio" time="3.353"/>
  <system-out/>
</testsuite> <!-- com.testcases.tc001_PageLoginTC -->
