<?xml version="1.0" encoding="UTF-8"?>
<!-- Generated by org.testng.reporters.JUnitReportReporter -->
<testsuite hostname="CHE1-CND209140B" failures="0" tests="1" name="com.testcases.tc003_HomePage" time="4.901" errors="0" timestamp="2022-07-05T20:17:25 IST" skipped="0">
  <testcase classname="com.testcases.tc003_HomePage" name="homePageVerification" time="4.901"/>
  <system-out/>
</testsuite> <!-- com.testcases.tc003_HomePage -->
